<?xml version="1.0" encoding="UTF-8"?>
<testsuite name="com.example.PrimerParcial.repository.DNARepositoryTest" tests="2" skipped="0" failures="0" errors="0" timestamp="2024-10-22T22:57:23" hostname="DESKTOP-PST0M2C" time="0.784">
  <properties/>
  <testcase name="shouldFindDnaByDnaSequence()" classname="com.example.PrimerParcial.repository.DNARepositoryTest" time="0.758"/>
  <testcase name="shouldSaveAndFindDna()" classname="com.example.PrimerParcial.repository.DNARepositoryTest" time="0.025"/>
  <system-out><![CDATA[2024-10-22T19:57:23.350-03:00  INFO 8692 --- [PrimerParcial] [    Test worker] t.c.s.AnnotationConfigContextLoaderUtils : Could not detect default configuration classes for test class [com.example.PrimerParcial.repository.DNARepositoryTest]: DNARepositoryTest does not declare any static, non-private, non-final, nested classes annotated with @Configuration.
2024-10-22T19:57:23.372-03:00  INFO 8692 --- [PrimerParcial] [    Test worker] .b.t.c.SpringBootTestContextBootstrapper : Found @SpringBootConfiguration com.example.PrimerParcial.PrimerParcialApplication for test class com.example.PrimerParcial.repository.DNARepositoryTest

  .   ____          _            __ _ _
 /\\ / ___'_ __ _ _(_)_ __  __ _ \ \ \ \
( ( )\___ | '_ | '_| | '_ \/ _` | \ \ \ \
 \\/  ___)| |_)| | | | | || (_| |  ) ) ) )
  '  |____| .__|_| |_|_| |_\__, | / / / /
 =========|_|==============|___/=/_/_/_/

 :: Spring Boot ::                (v3.3.4)

2024-10-22T19:57:23.414-03:00  WARN 8692 --- [PrimerParcial] [    Test worker] ory$DuplicateJsonObjectContextCustomizer : 

Found multiple occurrences of org.json.JSONObject on the class path:

	jar:file:/C:/Users/Victoria/.gradle/caches/modules-2/files-2.1/org.json/json/20210307/528c8df3757e8bcf151817b1d7b9b434f6aa08d5/json-20210307.jar!/org/json/JSONObject.class
	jar:file:/C:/Users/Victoria/.gradle/caches/modules-2/files-2.1/com.vaadin.external.google/android-json/0.0.20131108.vaadin1/fa26d351fe62a6a17f5cda1287c1c6110dec413f/android-json-0.0.20131108.vaadin1.jar!/org/json/JSONObject.class

You may wish to exclude one of them to ensure predictable runtime behavior

2024-10-22T19:57:23.418-03:00  INFO 8692 --- [PrimerParcial] [    Test worker] c.e.P.repository.DNARepositoryTest       : Starting DNARepositoryTest using Java 17.0.12 with PID 8692 (started by Victoria in D:\Facu\Desarrollo de Software\Parcial 1\PrimerParcial)
2024-10-22T19:57:23.418-03:00  INFO 8692 --- [PrimerParcial] [    Test worker] c.e.P.repository.DNARepositoryTest       : No active profile set, falling back to 1 default profile: "default"
2024-10-22T19:57:23.541-03:00  INFO 8692 --- [PrimerParcial] [    Test worker] .s.d.r.c.RepositoryConfigurationDelegate : Bootstrapping Spring Data JPA repositories in DEFAULT mode.
2024-10-22T19:57:23.569-03:00  INFO 8692 --- [PrimerParcial] [    Test worker] .s.d.r.c.RepositoryConfigurationDelegate : Finished Spring Data repository scanning in 26 ms. Found 2 JPA repository interfaces.
2024-10-22T19:57:23.589-03:00  INFO 8692 --- [PrimerParcial] [    Test worker] beddedDataSourceBeanFactoryPostProcessor : Replacing 'dataSource' DataSource bean with embedded version
2024-10-22T19:57:23.650-03:00  INFO 8692 --- [PrimerParcial] [    Test worker] o.s.j.d.e.EmbeddedDatabaseFactory        : Starting embedded database: url='jdbc:h2:mem:fcf13724-4e61-4dc4-8ba8-e119b6b18643;DB_CLOSE_DELAY=-1;DB_CLOSE_ON_EXIT=false', username='sa'
2024-10-22T19:57:23.698-03:00  INFO 8692 --- [PrimerParcial] [    Test worker] o.hibernate.jpa.internal.util.LogHelper  : HHH000204: Processing PersistenceUnitInfo [name: default]
2024-10-22T19:57:23.706-03:00  INFO 8692 --- [PrimerParcial] [    Test worker] o.h.c.internal.RegionFactoryInitiator    : HHH000026: Second-level cache disabled
2024-10-22T19:57:23.710-03:00  INFO 8692 --- [PrimerParcial] [    Test worker] o.h.e.boot.internal.EnversServiceImpl    : Envers integration enabled? : true
2024-10-22T19:57:23.732-03:00  INFO 8692 --- [PrimerParcial] [    Test worker] o.s.o.j.p.SpringPersistenceUnitInfo      : No LoadTimeWeaver setup: ignoring JPA class transformer
2024-10-22T19:57:23.734-03:00  WARN 8692 --- [PrimerParcial] [    Test worker] org.hibernate.orm.deprecation            : HHH90000025: H2Dialect does not need to be specified explicitly using 'hibernate.dialect' (remove the property setting and it will be selected by default)
2024-10-22T19:57:23.839-03:00  INFO 8692 --- [PrimerParcial] [    Test worker] o.h.e.t.j.p.i.JtaPlatformInitiator       : HHH000489: No JTA platform available (set 'hibernate.transaction.jta.platform' to enable JTA platform integration)
Hibernate: create table dna (id bigint generated by default as identity, dna varchar(255), is_mutant boolean, primary key (id))
Hibernate: create table dnastats (id bigint generated by default as identity, mutant_count bigint not null, mutant_ratio float(53) not null, non_mutant_count bigint not null, primary key (id))
2024-10-22T19:57:23.845-03:00  INFO 8692 --- [PrimerParcial] [    Test worker] j.LocalContainerEntityManagerFactoryBean : Initialized JPA EntityManagerFactory for persistence unit 'default'
2024-10-22T19:57:23.921-03:00  INFO 8692 --- [PrimerParcial] [    Test worker] c.e.P.repository.DNARepositoryTest       : Started DNARepositoryTest in 0.539 seconds (process running for 23.266)
Hibernate: insert into dna (dna,is_mutant,id) values (?,?,default)
Hibernate: select d1_0.id,d1_0.dna,d1_0.is_mutant from dna d1_0 where d1_0.dna=?
Hibernate: insert into dna (dna,is_mutant,id) values (?,?,default)
]]></system-out>
  <system-err><![CDATA[]]></system-err>
</testsuite>
