<?xml version="1.0" encoding="UTF-8"?>
<testsuite name="com.example.PrimerParcial.controller.BaseControllerImplTest" tests="8" skipped="0" failures="0" errors="0" timestamp="2024-10-22T22:57:21" hostname="DESKTOP-PST0M2C" time="0.271">
  <properties/>
  <testcase name="testSaveSuccess()" classname="com.example.PrimerParcial.controller.BaseControllerImplTest" time="0.235"/>
  <testcase name="testUpdateSuccess()" classname="com.example.PrimerParcial.controller.BaseControllerImplTest" time="0.005"/>
  <testcase name="testUpdateError()" classname="com.example.PrimerParcial.controller.BaseControllerImplTest" time="0.011"/>
  <testcase name="testGetAllError()" classname="com.example.PrimerParcial.controller.BaseControllerImplTest" time="0.004"/>
  <testcase name="testGetOneError()" classname="com.example.PrimerParcial.controller.BaseControllerImplTest" time="0.004"/>
  <testcase name="testGetOneSuccess()" classname="com.example.PrimerParcial.controller.BaseControllerImplTest" time="0.003"/>
  <testcase name="testSaveError()" classname="com.example.PrimerParcial.controller.BaseControllerImplTest" time="0.003"/>
  <testcase name="testGetAllSuccess()" classname="com.example.PrimerParcial.controller.BaseControllerImplTest" time="0.002"/>
  <system-out><![CDATA[]]></system-out>
  <system-err><![CDATA[]]></system-err>
</testsuite>
