<?xml version="1.0" encoding="UTF-8"?>
<testsuite name="com.example.PrimerParcial.PrimerParcialApplicationTests" tests="1" skipped="0" failures="0" errors="0" timestamp="2024-10-14T01:20:17" hostname="DESKTOP-PST0M2C" time="1.407">
  <properties/>
  <testcase name="contextLoads()" classname="com.example.PrimerParcial.PrimerParcialApplicationTests" time="1.407"/>
  <system-out><![CDATA[22:20:02.974 [Test worker] INFO org.springframework.test.context.support.AnnotationConfigContextLoaderUtils -- Could not detect default configuration classes for test class [com.example.PrimerParcial.PrimerParcialApplicationTests]: PrimerParcialApplicationTests does not declare any static, non-private, non-final, nested classes annotated with @Configuration.
22:20:03.237 [Test worker] INFO org.springframework.boot.test.context.SpringBootTestContextBootstrapper -- Found @SpringBootConfiguration com.example.PrimerParcial.PrimerParcialApplication for test class com.example.PrimerParcial.PrimerParcialApplicationTests

  .   ____          _            __ _ _
 /\\ / ___'_ __ _ _(_)_ __  __ _ \ \ \ \
( ( )\___ | '_ | '_| | '_ \/ _` | \ \ \ \
 \\/  ___)| |_)| | | | | || (_| |  ) ) ) )
  '  |____| .__|_| |_|_| |_\__, | / / / /
 =========|_|==============|___/=/_/_/_/

 :: Spring Boot ::                (v3.3.4)

2024-10-13T22:20:04.140-03:00  WARN 8556 --- [PrimerParcial] [    Test worker] ory$DuplicateJsonObjectContextCustomizer : 

Found multiple occurrences of org.json.JSONObject on the class path:

	jar:file:/C:/Users/Victoria/.gradle/caches/modules-2/files-2.1/org.json/json/20210307/528c8df3757e8bcf151817b1d7b9b434f6aa08d5/json-20210307.jar!/org/json/JSONObject.class
	jar:file:/C:/Users/Victoria/.gradle/caches/modules-2/files-2.1/com.vaadin.external.google/android-json/0.0.20131108.vaadin1/fa26d351fe62a6a17f5cda1287c1c6110dec413f/android-json-0.0.20131108.vaadin1.jar!/org/json/JSONObject.class

You may wish to exclude one of them to ensure predictable runtime behavior

2024-10-13T22:20:04.181-03:00  INFO 8556 --- [PrimerParcial] [    Test worker] c.e.P.PrimerParcialApplicationTests      : Starting PrimerParcialApplicationTests using Java 17.0.12 with PID 8556 (started by Victoria in D:\Facu\Desarrollo de Software\Parcial 1\PrimerParcial)
2024-10-13T22:20:04.184-03:00  INFO 8556 --- [PrimerParcial] [    Test worker] c.e.P.PrimerParcialApplicationTests      : No active profile set, falling back to 1 default profile: "default"
2024-10-13T22:20:07.335-03:00  INFO 8556 --- [PrimerParcial] [    Test worker] .s.d.r.c.RepositoryConfigurationDelegate : Bootstrapping Spring Data JPA repositories in DEFAULT mode.
2024-10-13T22:20:07.517-03:00  INFO 8556 --- [PrimerParcial] [    Test worker] .s.d.r.c.RepositoryConfigurationDelegate : Finished Spring Data repository scanning in 146 ms. Found 2 JPA repository interfaces.
2024-10-13T22:20:08.617-03:00  INFO 8556 --- [PrimerParcial] [    Test worker] o.hibernate.jpa.internal.util.LogHelper  : HHH000204: Processing PersistenceUnitInfo [name: default]
2024-10-13T22:20:08.810-03:00  INFO 8556 --- [PrimerParcial] [    Test worker] org.hibernate.Version                    : HHH000412: Hibernate ORM core version 6.5.3.Final
2024-10-13T22:20:08.922-03:00  INFO 8556 --- [PrimerParcial] [    Test worker] o.h.c.internal.RegionFactoryInitiator    : HHH000026: Second-level cache disabled
2024-10-13T22:20:09.270-03:00  INFO 8556 --- [PrimerParcial] [    Test worker] o.h.e.boot.internal.EnversServiceImpl    : Envers integration enabled? : true
2024-10-13T22:20:10.140-03:00  INFO 8556 --- [PrimerParcial] [    Test worker] o.s.o.j.p.SpringPersistenceUnitInfo      : No LoadTimeWeaver setup: ignoring JPA class transformer
2024-10-13T22:20:10.252-03:00  INFO 8556 --- [PrimerParcial] [    Test worker] com.zaxxer.hikari.HikariDataSource       : HikariPool-1 - Starting...
2024-10-13T22:20:10.752-03:00  INFO 8556 --- [PrimerParcial] [    Test worker] com.zaxxer.hikari.pool.HikariPool        : HikariPool-1 - Added connection conn0: url=jdbc:h2:mem:parcial user=SA
2024-10-13T22:20:10.760-03:00  INFO 8556 --- [PrimerParcial] [    Test worker] com.zaxxer.hikari.HikariDataSource       : HikariPool-1 - Start completed.
2024-10-13T22:20:10.821-03:00  WARN 8556 --- [PrimerParcial] [    Test worker] org.hibernate.orm.deprecation            : HHH90000025: H2Dialect does not need to be specified explicitly using 'hibernate.dialect' (remove the property setting and it will be selected by default)
2024-10-13T22:20:13.954-03:00  INFO 8556 --- [PrimerParcial] [    Test worker] o.h.e.t.j.p.i.JtaPlatformInitiator       : HHH000489: No JTA platform available (set 'hibernate.transaction.jta.platform' to enable JTA platform integration)
Hibernate: create table dna (id bigint generated by default as identity, is_mutant boolean, primary key (id))
Hibernate: create table dna_dna (dna_id bigint not null, dna varchar(255))
Hibernate: create table stats (id bigint generated by default as identity, mutant_count bigint, mutant_ratio float(53), non_mutant_count bigint, primary key (id))
Hibernate: alter table if exists dna_dna add constraint FKn834n574krd6db3b8h2cc7fnb foreign key (dna_id) references dna
2024-10-13T22:20:14.150-03:00  INFO 8556 --- [PrimerParcial] [    Test worker] j.LocalContainerEntityManagerFactoryBean : Initialized JPA EntityManagerFactory for persistence unit 'default'
2024-10-13T22:20:16.366-03:00  WARN 8556 --- [PrimerParcial] [    Test worker] JpaBaseConfiguration$JpaWebConfiguration : spring.jpa.open-in-view is enabled by default. Therefore, database queries may be performed during view rendering. Explicitly configure spring.jpa.open-in-view to disable this warning
2024-10-13T22:20:17.559-03:00  INFO 8556 --- [PrimerParcial] [    Test worker] o.s.b.a.h2.H2ConsoleAutoConfiguration    : H2 console available at '/h2-console'. Database available at 'jdbc:h2:mem:parcial'
2024-10-13T22:20:17.771-03:00  INFO 8556 --- [PrimerParcial] [    Test worker] c.e.P.PrimerParcialApplicationTests      : Started PrimerParcialApplicationTests in 14.089 seconds (process running for 17.07)
]]></system-out>
  <system-err><![CDATA[]]></system-err>
</testsuite>
